$ docker build --pull=false -t real-vuln-poc:real_vulns-52_jsign_java_uncaught_exception-jsign_authenticodemsisignerfuzzer_negativearraysizeexception-f68e1e6c .
#0 building with "default" instance using docker driver

#1 [internal] load build definition from Dockerfile
#1 transferring dockerfile:
#1 transferring dockerfile: 428B done
#1 DONE 0.4s

#2 [internal] load metadata for docker.io/library/maven:3.9-eclipse-temurin-17
#2 ...

#3 [internal] load metadata for docker.io/library/eclipse-temurin:17-jdk
#3 DONE 1.5s

#2 [internal] load metadata for docker.io/library/maven:3.9-eclipse-temurin-17
#2 DONE 1.5s

#4 [internal] load .dockerignore
#4 transferring context:
#4 transferring context: 2B done
#4 DONE 0.4s

#5 [build 1/6] FROM docker.io/library/maven:3.9-eclipse-temurin-17@sha256:e8ef73dbd33b69fe497fd96b3bbbd85aff84ac4c564a5784ab02ad941b32c12b
#5 DONE 0.0s

#6 [stage-1 1/3] FROM docker.io/library/eclipse-temurin:17-jdk@sha256:859dc576f4af4fad89a179441e3f6dc9a549b86a2ffa5c740ed76b644810239b
#6 DONE 0.0s

#7 [internal] load build context
#7 transferring context: 6.55kB done
#7 DONE 0.2s

#8 [build 2/6] WORKDIR /app
#8 CACHED

#9 [build 3/6] RUN mvn dependency:copy -Dartifact=net.jsign:jsign:7.0 -DoutputDirectory=/app/lib
#9 CACHED

#10 [build 4/6] COPY Poc.java /app/
#10 DONE 0.5s

#11 [build 5/6] COPY crash.bin /app/
#11 DONE 0.4s

#12 [build 6/6] RUN javac -cp "lib/*" Poc.java
#12 DONE 1.6s

#13 [stage-1 2/3] WORKDIR /app
#13 CACHED

#14 [stage-1 3/3] COPY --from=build /app/ /app/
#14 DONE 0.4s

#15 exporting to image
#15 exporting layers
#15 exporting layers 0.2s done
#15 writing image sha256:f38662b1bb7b1a04e12de33d1fee4ede92a8f743ca5a0f9ee504ff697deb89f2 0.0s done
#15 naming to docker.io/library/real-vuln-poc:real_vulns-52_jsign_java_uncaught_exception-jsign_authenticodemsisignerfuzzer_negativearraysizeexception-f68e1e6c 0.0s done
#15 DONE 0.4s
