$ docker build --pull=false -t real-vuln-poc:real_vulns-45_javassist_java_resource_exhaustion-javassist_classfuzzer_oom-76574994 .
#0 building with "default" instance using docker driver

#1 [internal] load build definition from Dockerfile
#1 transferring dockerfile:
#1 transferring dockerfile: 324B done
#1 DONE 0.3s

#2 [internal] load metadata for docker.io/library/eclipse-temurin:17-jdk
#2 DONE 5.2s

#3 [internal] load .dockerignore
#3 transferring context:
#3 transferring context: 2B done
#3 DONE 0.3s

#4 [internal] load build context
#4 DONE 0.0s

#5 [1/6] FROM docker.io/library/eclipse-temurin:17-jdk@sha256:859dc576f4af4fad89a179441e3f6dc9a549b86a2ffa5c740ed76b644810239b
#5 resolve docker.io/library/eclipse-temurin:17-jdk@sha256:859dc576f4af4fad89a179441e3f6dc9a549b86a2ffa5c740ed76b644810239b
#5 resolve docker.io/library/eclipse-temurin:17-jdk@sha256:859dc576f4af4fad89a179441e3f6dc9a549b86a2ffa5c740ed76b644810239b 0.2s done
#5 sha256:859dc576f4af4fad89a179441e3f6dc9a549b86a2ffa5c740ed76b644810239b 7.23kB / 7.23kB done
#5 sha256:7383a9e8e67a003c0e32ccdee3e5352ec24ca9c3848080c3f108bddb0322139e 2.14kB / 2.14kB done
#5 sha256:0b4a090763e7e549c6488fe430d461848f14e26d1afb615ae859b43a0de5883b 9.66kB / 9.66kB done
#5 sha256:6f5c5aa4e145204b113f983c003ff8ad6489394294ef95ec030bc94e3daded54 0B / 41.55MB 0.1s
#5 ...

#4 [internal] load build context
#4 transferring context: 814.92kB 0.0s done
#4 DONE 0.5s

#5 [1/6] FROM docker.io/library/eclipse-temurin:17-jdk@sha256:859dc576f4af4fad89a179441e3f6dc9a549b86a2ffa5c740ed76b644810239b
#5 sha256:1c24335ddd46023ff99bd665bd8ea6798464f7bbf501718edcf2eb4696e5f408 0B / 387B 0.2s
#5 sha256:1074d15b60c97f22a99cde76dc483f254de86c640a1ff14b4e25d6360fc1e675 0B / 24.10MB 0.4s
#5 sha256:1c24335ddd46023ff99bd665bd8ea6798464f7bbf501718edcf2eb4696e5f408 387B / 387B 1.7s done
#5 sha256:0179dfb07a7de839d91eb0e16cd63a01695ffc321d3f980741a9fa1eab961a84 0B / 145.91MB 1.8s
#5 sha256:6f5c5aa4e145204b113f983c003ff8ad6489394294ef95ec030bc94e3daded54 2.10MB / 41.55MB 2.6s
#5 sha256:6f5c5aa4e145204b113f983c003ff8ad6489394294ef95ec030bc94e3daded54 4.19MB / 41.55MB 3.0s
#5 sha256:1074d15b60c97f22a99cde76dc483f254de86c640a1ff14b4e25d6360fc1e675 2.10MB / 24.10MB 3.2s
#5 sha256:6f5c5aa4e145204b113f983c003ff8ad6489394294ef95ec030bc94e3daded54 8.39MB / 41.55MB 3.5s
#5 sha256:1074d15b60c97f22a99cde76dc483f254de86c640a1ff14b4e25d6360fc1e675 6.29MB / 24.10MB 3.5s
#5 sha256:1074d15b60c97f22a99cde76dc483f254de86c640a1ff14b4e25d6360fc1e675 9.44MB / 24.10MB 3.7s
#5 sha256:1074d15b60c97f22a99cde76dc483f254de86c640a1ff14b4e25d6360fc1e675 12.58MB / 24.10MB 3.9s
#5 sha256:6f5c5aa4e145204b113f983c003ff8ad6489394294ef95ec030bc94e3daded54 10.49MB / 41.55MB 4.0s
#5 sha256:1074d15b60c97f22a99cde76dc483f254de86c640a1ff14b4e25d6360fc1e675 14.68MB / 24.10MB 4.0s
#5 sha256:0179dfb07a7de839d91eb0e16cd63a01695ffc321d3f980741a9fa1eab961a84 7.34MB / 145.91MB 4.0s
#5 sha256:6f5c5aa4e145204b113f983c003ff8ad6489394294ef95ec030bc94e3daded54 12.58MB / 41.55MB 4.2s
#5 sha256:1074d15b60c97f22a99cde76dc483f254de86c640a1ff14b4e25d6360fc1e675 17.83MB / 24.10MB 4.2s
#5 sha256:1074d15b60c97f22a99cde76dc483f254de86c640a1ff14b4e25d6360fc1e675 20.97MB / 24.10MB 4.4s
#5 sha256:0179dfb07a7de839d91eb0e16cd63a01695ffc321d3f980741a9fa1eab961a84 14.68MB / 145.91MB 4.5s
#5 sha256:6f5c5aa4e145204b113f983c003ff8ad6489394294ef95ec030bc94e3daded54 16.78MB / 41.55MB 4.7s
#5 sha256:1074d15b60c97f22a99cde76dc483f254de86c640a1ff14b4e25d6360fc1e675 24.10MB / 24.10MB 4.7s done
#5 sha256:f2355d8d10e06f236ec5ba36f4f0bafd8aac2409348bfc007beb10966c5c063b 0B / 158B 4.9s
#5 sha256:0179dfb07a7de839d91eb0e16cd63a01695ffc321d3f980741a9fa1eab961a84 22.02MB / 145.91MB 5.0s
#5 sha256:6f5c5aa4e145204b113f983c003ff8ad6489394294ef95ec030bc94e3daded54 19.92MB / 41.55MB 5.2s
#5 sha256:f2355d8d10e06f236ec5ba36f4f0bafd8aac2409348bfc007beb10966c5c063b 158B / 158B 5.2s
#5 sha256:0179dfb07a7de839d91eb0e16cd63a01695ffc321d3f980741a9fa1eab961a84 29.36MB / 145.91MB 5.4s
#5 sha256:f2355d8d10e06f236ec5ba36f4f0bafd8aac2409348bfc007beb10966c5c063b 158B / 158B 5.2s done
#5 sha256:a32c420591217dc7a625a084712f93306dad56d88f6154646e712a08453c9d6e 0B / 2.28kB 5.4s
#5 sha256:6f5c5aa4e145204b113f983c003ff8ad6489394294ef95ec030bc94e3daded54 22.02MB / 41.55MB 5.7s
#5 sha256:0179dfb07a7de839d91eb0e16cd63a01695ffc321d3f980741a9fa1eab961a84 37.75MB / 145.91MB 5.9s
#5 sha256:a32c420591217dc7a625a084712f93306dad56d88f6154646e712a08453c9d6e 2.28kB / 2.28kB 5.8s done
#5 sha256:6f5c5aa4e145204b113f983c003ff8ad6489394294ef95ec030bc94e3daded54 24.12MB / 41.55MB 6.3s
#5 sha256:0179dfb07a7de839d91eb0e16cd63a01695ffc321d3f980741a9fa1eab961a84 45.09MB / 145.91MB 6.3s
#5 sha256:0179dfb07a7de839d91eb0e16cd63a01695ffc321d3f980741a9fa1eab961a84 53.48MB / 145.91MB 6.8s
#5 sha256:6f5c5aa4e145204b113f983c003ff8ad6489394294ef95ec030bc94e3daded54 27.26MB / 41.55MB 7.0s
#5 sha256:0179dfb07a7de839d91eb0e16cd63a01695ffc321d3f980741a9fa1eab961a84 60.82MB / 145.91MB 7.3s
#5 sha256:6f5c5aa4e145204b113f983c003ff8ad6489394294ef95ec030bc94e3daded54 29.36MB / 41.55MB 7.5s
#5 sha256:6f5c5aa4e145204b113f983c003ff8ad6489394294ef95ec030bc94e3daded54 31.46MB / 41.55MB 7.8s
#5 sha256:0179dfb07a7de839d91eb0e16cd63a01695ffc321d3f980741a9fa1eab961a84 69.21MB / 145.91MB 7.8s
#5 sha256:0179dfb07a7de839d91eb0e16cd63a01695ffc321d3f980741a9fa1eab961a84 76.55MB / 145.91MB 8.2s
#5 sha256:6f5c5aa4e145204b113f983c003ff8ad6489394294ef95ec030bc94e3daded54 34.60MB / 41.55MB 8.4s
#5 sha256:0179dfb07a7de839d91eb0e16cd63a01695ffc321d3f980741a9fa1eab961a84 84.93MB / 145.91MB 8.7s
#5 sha256:6f5c5aa4e145204b113f983c003ff8ad6489394294ef95ec030bc94e3daded54 38.80MB / 41.55MB 8.9s
#5 sha256:0179dfb07a7de839d91eb0e16cd63a01695ffc321d3f980741a9fa1eab961a84 93.32MB / 145.91MB 9.2s
#5 sha256:6f5c5aa4e145204b113f983c003ff8ad6489394294ef95ec030bc94e3daded54 41.55MB / 41.55MB 9.6s
#5 sha256:6f5c5aa4e145204b113f983c003ff8ad6489394294ef95ec030bc94e3daded54 41.55MB / 41.55MB 9.6s done
#5 sha256:0179dfb07a7de839d91eb0e16cd63a01695ffc321d3f980741a9fa1eab961a84 101.71MB / 145.91MB 9.7s
#5 extracting sha256:6f5c5aa4e145204b113f983c003ff8ad6489394294ef95ec030bc94e3daded54
#5 sha256:0179dfb07a7de839d91eb0e16cd63a01695ffc321d3f980741a9fa1eab961a84 109.05MB / 145.91MB 10.2s
#5 sha256:0179dfb07a7de839d91eb0e16cd63a01695ffc321d3f980741a9fa1eab961a84 117.44MB / 145.91MB 10.7s
#5 sha256:0179dfb07a7de839d91eb0e16cd63a01695ffc321d3f980741a9fa1eab961a84 126.88MB / 145.91MB 11.2s
#5 sha256:0179dfb07a7de839d91eb0e16cd63a01695ffc321d3f980741a9fa1eab961a84 134.22MB / 145.91MB 11.7s
#5 sha256:0179dfb07a7de839d91eb0e16cd63a01695ffc321d3f980741a9fa1eab961a84 143.65MB / 145.91MB 12.3s
#5 sha256:0179dfb07a7de839d91eb0e16cd63a01695ffc321d3f980741a9fa1eab961a84 145.91MB / 145.91MB 12.6s done
#5 extracting sha256:6f5c5aa4e145204b113f983c003ff8ad6489394294ef95ec030bc94e3daded54 4.0s done
#5 extracting sha256:1c24335ddd46023ff99bd665bd8ea6798464f7bbf501718edcf2eb4696e5f408
#5 extracting sha256:1c24335ddd46023ff99bd665bd8ea6798464f7bbf501718edcf2eb4696e5f408 done
#5 extracting sha256:1074d15b60c97f22a99cde76dc483f254de86c640a1ff14b4e25d6360fc1e675
#5 extracting sha256:1074d15b60c97f22a99cde76dc483f254de86c640a1ff14b4e25d6360fc1e675 1.3s done
#5 extracting sha256:0179dfb07a7de839d91eb0e16cd63a01695ffc321d3f980741a9fa1eab961a84
#5 extracting sha256:0179dfb07a7de839d91eb0e16cd63a01695ffc321d3f980741a9fa1eab961a84 1.7s done
#5 extracting sha256:f2355d8d10e06f236ec5ba36f4f0bafd8aac2409348bfc007beb10966c5c063b
#5 extracting sha256:f2355d8d10e06f236ec5ba36f4f0bafd8aac2409348bfc007beb10966c5c063b done
#5 extracting sha256:a32c420591217dc7a625a084712f93306dad56d88f6154646e712a08453c9d6e done
#5 DONE 19.9s

#6 [2/6] WORKDIR /poc
#6 DONE 1.8s

#7 [3/6] COPY Poc.java .
#7 DONE 0.6s

#8 [4/6] COPY crash.bin .
#8 DONE 0.6s

#9 [5/6] COPY javassist.jar .
#9 DONE 0.5s

#10 [6/6] RUN javac -cp javassist.jar Poc.java
#10 DONE 1.5s

#11 exporting to image
#11 exporting layers
#11 exporting layers 0.5s done
#11 writing image sha256:6ab88bb8640df78fc322e7fd9dc5844672c6cd853f64853cff7978c06e649a30 done
#11 naming to docker.io/library/real-vuln-poc:real_vulns-45_javassist_java_resource_exhaustion-javassist_classfuzzer_oom-76574994 0.0s done
#11 DONE 0.6s
