LLVM ERROR: uleb128 too big for uint64
PLEASE submit a bug report to https://github.com/llvm/llvm-project/issues/ and include the crash backtrace.
Stack dump:
0.	Program arguments: /usr/lib/llvm-18/bin/llvm-objdump --file-headers /build/crash.bin
 #0 0x0000746c4b2043bf llvm::sys::PrintStackTrace(llvm::raw_ostream&, int) (/usr/lib/llvm-18/bin/../lib/libLLVM.so.18.1+0xda63bf)
 #1 0x0000746c4b2024f9 llvm::sys::RunSignalHandlers() (/usr/lib/llvm-18/bin/../lib/libLLVM.so.18.1+0xda44f9)
 #2 0x0000746c4b204b00 (/usr/lib/llvm-18/bin/../lib/libLLVM.so.18.1+0xda6b00)
 #3 0x0000746c49f4f330 (/lib/x86_64-linux-gnu/libc.so.6+0x45330)
 #4 0x0000746c49fa8b2c pthread_kill (/lib/x86_64-linux-gnu/libc.so.6+0x9eb2c)
 #5 0x0000746c49f4f27e raise (/lib/x86_64-linux-gnu/libc.so.6+0x4527e)
 #6 0x0000746c49f328ff abort (/lib/x86_64-linux-gnu/libc.so.6+0x288ff)
 #7 0x0000746c4b15c0c2 llvm::report_fatal_error(llvm::Twine const&, bool) (/usr/lib/llvm-18/bin/../lib/libLLVM.so.18.1+0xcfe0c2)
 #8 0x0000746c4b15befd (/usr/lib/llvm-18/bin/../lib/libLLVM.so.18.1+0xcfdefd)
 #9 0x0000746c4ca68499 llvm::object::WasmObjectFile::WasmObjectFile(llvm::MemoryBufferRef, llvm::Error&) (/usr/lib/llvm-18/bin/../lib/libLLVM.so.18.1+0x260a499)
#10 0x0000746c4ca67dd3 llvm::object::ObjectFile::createWasmObjectFile(llvm::MemoryBufferRef) (/usr/lib/llvm-18/bin/../lib/libLLVM.so.18.1+0x2609dd3)
#11 0x0000746c4ca5df64 llvm::object::ObjectFile::createObjectFile(llvm::MemoryBufferRef, llvm::file_magic, bool) (/usr/lib/llvm-18/bin/../lib/libLLVM.so.18.1+0x25fff64)
#12 0x0000746c4ca62386 llvm::object::SymbolicFile::createSymbolicFile(llvm::MemoryBufferRef, llvm::file_magic, llvm::LLVMContext*, bool) (/usr/lib/llvm-18/bin/../lib/libLLVM.so.18.1+0x2604386)
#13 0x0000746c4c9d8073 llvm::object::createBinary(llvm::MemoryBufferRef, llvm::LLVMContext*, bool) (/usr/lib/llvm-18/bin/../lib/libLLVM.so.18.1+0x257a073)
#14 0x0000746c4c9d8275 llvm::object::createBinary(llvm::StringRef, llvm::LLVMContext*, bool) (/usr/lib/llvm-18/bin/../lib/libLLVM.so.18.1+0x257a275)
#15 0x00006074eefd96b6 (/usr/lib/llvm-18/bin/llvm-objdump+0x266b6)
#16 0x00006074ef0753f3 (/usr/lib/llvm-18/bin/llvm-objdump+0xc23f3)
#17 0x0000746c49f341ca (/lib/x86_64-linux-gnu/libc.so.6+0x2a1ca)
#18 0x0000746c49f3428b __libc_start_main (/lib/x86_64-linux-gnu/libc.so.6+0x2a28b)
#19 0x00006074eefd15a5 (/usr/lib/llvm-18/bin/llvm-objdump+0x1e5a5)
